2024-01-04 11:06:11.779  INFO 15708 --- [main] (system) c.e.MyProjectBackendApplicationTests     : Starting MyProjectBackendApplicationTests using Java 17.0.9 with PID 15708 (started by 85131 in C:\Users\85131\Desktop\doucment\java\SpringBoot-Vue-Template-Jwt-main\my-project-backend)
2024-01-04 11:06:11.781  INFO 15708 --- [main] (system) c.e.MyProjectBackendApplicationTests     : The following 1 profile is active: "dev"
2024-01-04 11:06:12.656  INFO 15708 --- [main] (system) .s.d.r.c.RepositoryConfigurationDelegate : Multiple Spring Data modules found, entering strict repository configuration mode
2024-01-04 11:06:12.670  INFO 15708 --- [main] (system) .s.d.r.c.RepositoryConfigurationDelegate : Bootstrapping Spring Data Redis repositories in DEFAULT mode.
2024-01-04 11:06:12.699  INFO 15708 --- [main] (system) .s.d.r.c.RepositoryConfigurationDelegate : Finished Spring Data repository scanning in 17 ms. Found 0 Redis repository interfaces.
2024-01-04 11:06:14.411  INFO 15708 --- [main] (system) o.s.s.web.DefaultSecurityFilterChain     : Will secure any request with [org.springframework.security.web.session.DisableEncodeUrlFilter@4ad3969, org.springframework.security.web.context.request.async.WebAsyncManagerIntegrationFilter@5d7ff311, org.springframework.security.web.context.SecurityContextHolderFilter@4dffff9, org.springframework.security.web.header.HeaderWriterFilter@21e702b8, org.springframework.security.web.authentication.logout.LogoutFilter@60a99f3d, com.example.filter.JwtAuthenticationFilter@2d7aa291, com.example.filter.RequestLogFilter@1ba7db2a, org.springframework.security.web.authentication.UsernamePasswordAuthenticationFilter@614d7fbf, org.springframework.security.web.savedrequest.RequestCacheAwareFilter@7bb25046, org.springframework.security.web.servletapi.SecurityContextHolderAwareRequestFilter@77d959f1, org.springframework.security.web.authentication.AnonymousAuthenticationFilter@762cdf46, org.springframework.security.web.session.SessionManagementFilter@5c9e3d01, org.springframework.security.web.access.ExceptionTranslationFilter@22002459, org.springframework.security.web.access.intercept.AuthorizationFilter@785d6a98]
2024-01-04 11:06:14.475 ERROR 15708 --- [main] (system) o.a.catalina.core.AprLifecycleListener   : An incompatible version [1.2.23] of the Apache Tomcat Native library is installed, while Tomcat requires version [1.2.34]
2024-01-04 11:06:15.046  INFO 15708 --- [main] (system) o.s.a.r.c.CachingConnectionFactory       : Attempting to connect to: [localhost:5672]
2024-01-04 11:06:15.153  INFO 15708 --- [main] (system) o.s.a.r.c.CachingConnectionFactory       : Created new connection: rabbitConnectionFactory#995ad50:0/SimpleConnection@4866e0a7 [delegate=amqp://guest@127.0.0.1:5672/, localPort=14136]
2024-01-04 11:06:15.211  INFO 15708 --- [main] (system) c.e.MyProjectBackendApplicationTests     : Started MyProjectBackendApplicationTests in 3.861 seconds (process running for 4.941)
2024-01-04 11:06:16.048  INFO 15708 --- [org.springframework.amqp.rabbit.RabbitListenerEndpointContainer#0-2] (system) o.s.a.r.l.SimpleMessageListenerContainer : Waiting for workers to finish.
2024-01-04 11:06:16.217  INFO 15708 --- [org.springframework.amqp.rabbit.RabbitListenerEndpointContainer#0-2] (system) o.s.a.r.l.SimpleMessageListenerContainer : Successfully waited for workers to finish.
2024-01-04 11:11:33.190  INFO 16428 --- [main] (system) c.e.MyProjectBackendApplicationTests     : Starting MyProjectBackendApplicationTests using Java 17.0.9 with PID 16428 (started by 85131 in C:\Users\85131\Desktop\doucment\java\SpringBoot-Vue-Template-Jwt-main\my-project-backend)
2024-01-04 11:11:33.192  INFO 16428 --- [main] (system) c.e.MyProjectBackendApplicationTests     : The following 1 profile is active: "dev"
2024-01-04 11:11:34.041  INFO 16428 --- [main] (system) .s.d.r.c.RepositoryConfigurationDelegate : Multiple Spring Data modules found, entering strict repository configuration mode
2024-01-04 11:11:34.048  INFO 16428 --- [main] (system) .s.d.r.c.RepositoryConfigurationDelegate : Bootstrapping Spring Data Redis repositories in DEFAULT mode.
2024-01-04 11:11:34.086  INFO 16428 --- [main] (system) .s.d.r.c.RepositoryConfigurationDelegate : Finished Spring Data repository scanning in 18 ms. Found 0 Redis repository interfaces.
2024-01-04 11:11:35.773  INFO 16428 --- [main] (system) o.s.s.web.DefaultSecurityFilterChain     : Will secure any request with [org.springframework.security.web.session.DisableEncodeUrlFilter@72e49f6a, org.springframework.security.web.context.request.async.WebAsyncManagerIntegrationFilter@2e4b5da1, org.springframework.security.web.context.SecurityContextHolderFilter@335cdd2, org.springframework.security.web.header.HeaderWriterFilter@4b22214d, org.springframework.security.web.authentication.logout.LogoutFilter@77a4bac, com.example.filter.JwtAuthenticationFilter@312819ae, com.example.filter.RequestLogFilter@4ae2c01b, org.springframework.security.web.authentication.UsernamePasswordAuthenticationFilter@3245efdb, org.springframework.security.web.savedrequest.RequestCacheAwareFilter@60a99f3d, org.springframework.security.web.servletapi.SecurityContextHolderAwareRequestFilter@35841d6, org.springframework.security.web.authentication.AnonymousAuthenticationFilter@1cab19e2, org.springframework.security.web.session.SessionManagementFilter@6dde1bf5, org.springframework.security.web.access.ExceptionTranslationFilter@3a63d248, org.springframework.security.web.access.intercept.AuthorizationFilter@7157413e]
2024-01-04 11:11:35.837 ERROR 16428 --- [main] (system) o.a.catalina.core.AprLifecycleListener   : An incompatible version [1.2.23] of the Apache Tomcat Native library is installed, while Tomcat requires version [1.2.34]
2024-01-04 11:11:36.394  INFO 16428 --- [main] (system) o.s.a.r.c.CachingConnectionFactory       : Attempting to connect to: [localhost:5672]
2024-01-04 11:11:36.462  INFO 16428 --- [main] (system) o.s.a.r.c.CachingConnectionFactory       : Created new connection: rabbitConnectionFactory#350d26f3:0/SimpleConnection@280c3dc0 [delegate=amqp://guest@127.0.0.1:5672/, localPort=14688]
2024-01-04 11:11:36.508  INFO 16428 --- [main] (system) c.e.MyProjectBackendApplicationTests     : Started MyProjectBackendApplicationTests in 3.706 seconds (process running for 4.744)
2024-01-04 11:11:37.371  INFO 16428 --- [main] (system) com.zaxxer.hikari.HikariDataSource       : HikariPool-1 - Starting...
2024-01-04 11:11:37.584  INFO 16428 --- [main] (system) com.zaxxer.hikari.pool.HikariPool        : HikariPool-1 - Added connection com.mysql.cj.jdbc.ConnectionImpl@7305191e
2024-01-04 11:11:37.585  INFO 16428 --- [main] (system) com.zaxxer.hikari.HikariDataSource       : HikariPool-1 - Start completed.
2024-01-04 11:11:37.706  INFO 16428 --- [org.springframework.amqp.rabbit.RabbitListenerEndpointContainer#0-2] (system) o.s.a.r.l.SimpleMessageListenerContainer : Waiting for workers to finish.
2024-01-04 11:11:38.516  INFO 16428 --- [org.springframework.amqp.rabbit.RabbitListenerEndpointContainer#0-2] (system) o.s.a.r.l.SimpleMessageListenerContainer : Successfully waited for workers to finish.
2024-01-04 11:11:38.519  INFO 16428 --- [SpringApplicationShutdownHook] (system) com.zaxxer.hikari.HikariDataSource       : HikariPool-1 - Shutdown initiated...
2024-01-04 11:11:38.525  INFO 16428 --- [SpringApplicationShutdownHook] (system) com.zaxxer.hikari.HikariDataSource       : HikariPool-1 - Shutdown completed.
2024-01-04 11:14:10.926  INFO 52080 --- [main] (system) c.e.MyProjectBackendApplicationTests     : Starting MyProjectBackendApplicationTests using Java 17.0.9 with PID 52080 (started by 85131 in C:\Users\85131\Desktop\doucment\java\SpringBoot-Vue-Template-Jwt-main\my-project-backend)
2024-01-04 11:14:10.927  INFO 52080 --- [main] (system) c.e.MyProjectBackendApplicationTests     : The following 1 profile is active: "dev"
2024-01-04 11:14:11.812  INFO 52080 --- [main] (system) .s.d.r.c.RepositoryConfigurationDelegate : Multiple Spring Data modules found, entering strict repository configuration mode
2024-01-04 11:14:11.815  INFO 52080 --- [main] (system) .s.d.r.c.RepositoryConfigurationDelegate : Bootstrapping Spring Data Redis repositories in DEFAULT mode.
2024-01-04 11:14:11.848  INFO 52080 --- [main] (system) .s.d.r.c.RepositoryConfigurationDelegate : Finished Spring Data repository scanning in 17 ms. Found 0 Redis repository interfaces.
2024-01-04 11:14:13.513  INFO 52080 --- [main] (system) o.s.s.web.DefaultSecurityFilterChain     : Will secure any request with [org.springframework.security.web.session.DisableEncodeUrlFilter@27dc81be, org.springframework.security.web.context.request.async.WebAsyncManagerIntegrationFilter@3595086b, org.springframework.security.web.context.SecurityContextHolderFilter@4c79ca55, org.springframework.security.web.header.HeaderWriterFilter@7793b55d, org.springframework.security.web.authentication.logout.LogoutFilter@5d7ff311, com.example.filter.JwtAuthenticationFilter@627d35ff, com.example.filter.RequestLogFilter@7157413e, org.springframework.security.web.authentication.UsernamePasswordAuthenticationFilter@7d5a0b14, org.springframework.security.web.savedrequest.RequestCacheAwareFilter@3c4ad54, org.springframework.security.web.servletapi.SecurityContextHolderAwareRequestFilter@4b56b517, org.springframework.security.web.authentication.AnonymousAuthenticationFilter@3245efdb, org.springframework.security.web.session.SessionManagementFilter@4ac7856f, org.springframework.security.web.access.ExceptionTranslationFilter@54f69311, org.springframework.security.web.access.intercept.AuthorizationFilter@534fc1f7]
2024-01-04 11:14:13.582 ERROR 52080 --- [main] (system) o.a.catalina.core.AprLifecycleListener   : An incompatible version [1.2.23] of the Apache Tomcat Native library is installed, while Tomcat requires version [1.2.34]
2024-01-04 11:14:14.173  INFO 52080 --- [main] (system) o.s.a.r.c.CachingConnectionFactory       : Attempting to connect to: [localhost:5672]
2024-01-04 11:14:14.220  INFO 52080 --- [main] (system) o.s.a.r.c.CachingConnectionFactory       : Created new connection: rabbitConnectionFactory#12f51a65:0/SimpleConnection@dcdb883 [delegate=amqp://guest@127.0.0.1:5672/, localPort=14856]
2024-01-04 11:14:14.269  INFO 52080 --- [main] (system) c.e.MyProjectBackendApplicationTests     : Started MyProjectBackendApplicationTests in 3.737 seconds (process running for 4.727)
2024-01-04 11:14:15.003  INFO 52080 --- [main] (system) com.zaxxer.hikari.HikariDataSource       : HikariPool-1 - Starting...
2024-01-04 11:14:15.202  INFO 52080 --- [main] (system) com.zaxxer.hikari.pool.HikariPool        : HikariPool-1 - Added connection com.mysql.cj.jdbc.ConnectionImpl@4ebd0b52
2024-01-04 11:14:15.204  INFO 52080 --- [main] (system) com.zaxxer.hikari.HikariDataSource       : HikariPool-1 - Start completed.
2024-01-04 11:14:15.261  INFO 52080 --- [org.springframework.amqp.rabbit.RabbitListenerEndpointContainer#0-2] (system) o.s.a.r.l.SimpleMessageListenerContainer : Waiting for workers to finish.
2024-01-04 11:14:15.283  INFO 52080 --- [org.springframework.amqp.rabbit.RabbitListenerEndpointContainer#0-2] (system) o.s.a.r.l.SimpleMessageListenerContainer : Successfully waited for workers to finish.
2024-01-04 11:14:15.287  INFO 52080 --- [SpringApplicationShutdownHook] (system) com.zaxxer.hikari.HikariDataSource       : HikariPool-1 - Shutdown initiated...
2024-01-04 11:14:15.290  INFO 52080 --- [SpringApplicationShutdownHook] (system) com.zaxxer.hikari.HikariDataSource       : HikariPool-1 - Shutdown completed.
2024-01-04 13:24:34.929  INFO 75464 --- [main] (system) c.e.MyProjectBackendApplicationTests     : Starting MyProjectBackendApplicationTests using Java 17.0.9 with PID 75464 (started by 85131 in C:\Users\85131\Desktop\doucment\java\SpringBoot-Vue-Template-Jwt-main\my-project-backend)
2024-01-04 13:24:34.932  INFO 75464 --- [main] (system) c.e.MyProjectBackendApplicationTests     : The following 1 profile is active: "dev"
2024-01-04 13:24:36.185  INFO 75464 --- [main] (system) .s.d.r.c.RepositoryConfigurationDelegate : Multiple Spring Data modules found, entering strict repository configuration mode
2024-01-04 13:24:36.189  INFO 75464 --- [main] (system) .s.d.r.c.RepositoryConfigurationDelegate : Bootstrapping Spring Data Redis repositories in DEFAULT mode.
2024-01-04 13:24:36.231  INFO 75464 --- [main] (system) .s.d.r.c.RepositoryConfigurationDelegate : Finished Spring Data repository scanning in 19 ms. Found 0 Redis repository interfaces.
2024-01-04 13:24:38.425  INFO 75464 --- [main] (system) o.s.s.web.DefaultSecurityFilterChain     : Will secure any request with [org.springframework.security.web.session.DisableEncodeUrlFilter@6c2dd88b, org.springframework.security.web.context.request.async.WebAsyncManagerIntegrationFilter@49d979c4, org.springframework.security.web.context.SecurityContextHolderFilter@4e26987b, org.springframework.security.web.header.HeaderWriterFilter@3c910acd, org.springframework.security.web.authentication.logout.LogoutFilter@1e23ee0e, com.example.filter.JwtAuthenticationFilter@3cb173db, com.example.filter.RequestLogFilter@26712838, org.springframework.security.web.authentication.UsernamePasswordAuthenticationFilter@5bccaedb, org.springframework.security.web.savedrequest.RequestCacheAwareFilter@39342614, org.springframework.security.web.servletapi.SecurityContextHolderAwareRequestFilter@13d10057, org.springframework.security.web.authentication.AnonymousAuthenticationFilter@249a45fd, org.springframework.security.web.session.SessionManagementFilter@9f2fe2e, org.springframework.security.web.access.ExceptionTranslationFilter@2cf88901, org.springframework.security.web.access.intercept.AuthorizationFilter@7e1762e6]
2024-01-04 13:24:38.510 ERROR 75464 --- [main] (system) o.a.catalina.core.AprLifecycleListener   : An incompatible version [1.2.23] of the Apache Tomcat Native library is installed, while Tomcat requires version [1.2.34]
2024-01-04 13:24:39.248  INFO 75464 --- [main] (system) o.s.a.r.c.CachingConnectionFactory       : Attempting to connect to: [localhost:5672]
2024-01-04 13:24:39.313  INFO 75464 --- [main] (system) o.s.a.r.c.CachingConnectionFactory       : Created new connection: rabbitConnectionFactory#60816371:0/SimpleConnection@7d0df326 [delegate=amqp://guest@127.0.0.1:5672/, localPort=14285]
2024-01-04 13:24:39.362  INFO 75464 --- [main] (system) c.e.MyProjectBackendApplicationTests     : Started MyProjectBackendApplicationTests in 5.023 seconds (process running for 6.468)
2024-01-04 13:24:40.281  INFO 75464 --- [main] (system) com.zaxxer.hikari.HikariDataSource       : HikariPool-1 - Starting...
2024-01-04 13:24:40.574  INFO 75464 --- [main] (system) com.zaxxer.hikari.pool.HikariPool        : HikariPool-1 - Added connection com.mysql.cj.jdbc.ConnectionImpl@7c4de811
2024-01-04 13:24:40.579  INFO 75464 --- [main] (system) com.zaxxer.hikari.HikariDataSource       : HikariPool-1 - Start completed.
2024-01-04 13:24:40.681  INFO 75464 --- [org.springframework.amqp.rabbit.RabbitListenerEndpointContainer#0-2] (system) o.s.a.r.l.SimpleMessageListenerContainer : Waiting for workers to finish.
2024-01-04 13:24:41.372  INFO 75464 --- [org.springframework.amqp.rabbit.RabbitListenerEndpointContainer#0-2] (system) o.s.a.r.l.SimpleMessageListenerContainer : Successfully waited for workers to finish.
2024-01-04 13:24:41.376  INFO 75464 --- [SpringApplicationShutdownHook] (system) com.zaxxer.hikari.HikariDataSource       : HikariPool-1 - Shutdown initiated...
2024-01-04 13:24:41.382  INFO 75464 --- [SpringApplicationShutdownHook] (system) com.zaxxer.hikari.HikariDataSource       : HikariPool-1 - Shutdown completed.
